<?xml version="1.0" encoding="UTF-8"?>
<!-- Generated by org.testng.reporters.JUnitReportReporter -->
<testsuite hostname="LAPTOP-RQCF7JM5" name="com.qa.TM.HRM" tests="1" failures="0" timestamp="22 Nov 2019 03:10:16 GMT" time="33.631" errors="0">
  <testcase name="m1" time="33.631" classname="com.qa.TM.HRM"/>
</testsuite> <!-- com.qa.TM.HRM -->
